<?xml version="1.0" encoding="utf-8"?><testsuites name="pytest tests"><testsuite name="pytest" errors="0" failures="1" skipped="0" tests="29" time="15.824" timestamp="2026-05-03T19:32:11.440618+00:00" hostname="agent-env-f8363707-9d00-4eeb-b411-f957d6787c2c"><testcase classname="backend.tests.test_cvforge_backend.TestHealth" name="test_root" time="0.158" /><testcase classname="backend.tests.test_cvforge_backend.TestAuth" name="test_register_success" time="0.370" /><testcase classname="backend.tests.test_cvforge_backend.TestAuth" name="test_register_duplicate" time="0.330" /><testcase classname="backend.tests.test_cvforge_backend.TestAuth" name="test_login_success" time="0.272" /><testcase classname="backend.tests.test_cvforge_backend.TestAuth" name="test_login_invalid" time="0.276" /><testcase classname="backend.tests.test_cvforge_backend.TestAuth" name="test_me_no_token" time="0.044" /><testcase classname="backend.tests.test_cvforge_backend.TestAuth" name="test_me_valid_token" time="0.142" /><testcase classname="backend.tests.test_cvforge_backend.TestAuth" name="test_me_invalid_token" time="0.183" /><testcase classname="backend.tests.test_cvforge_backend.TestTemplates" name="test_templates_list" time="0.119" /><testcase classname="backend.tests.test_cvforge_backend.TestCV" name="test_generate_cv_requires_auth" time="0.113" /><testcase classname="backend.tests.test_cvforge_backend.TestCV" name="test_generate_premium_template_blocked_for_free" time="0.150" /><testcase classname="backend.tests.test_cvforge_backend.TestCV" name="test_generate_cv_success" time="10.137" /><testcase classname="backend.tests.test_cvforge_backend.TestCV" name="test_generate_second_cv_limit" time="0.155" /><testcase classname="backend.tests.test_cvforge_backend.TestCV" name="test_list_cvs" time="0.158" /><testcase classname="backend.tests.test_cvforge_backend.TestCV" name="test_get_cv_owner" time="0.098" /><testcase classname="backend.tests.test_cvforge_backend.TestCV" name="test_get_cv_not_owner" time="0.367" /><testcase classname="backend.tests.test_cvforge_backend.TestCV" name="test_update_template_premium_blocked" time="0.099" /><testcase classname="backend.tests.test_cvforge_backend.TestCV" name="test_update_template_success" time="0.281" /><testcase classname="backend.tests.test_cvforge_backend.TestCV" name="test_update_template_invalid" time="0.104" /><testcase classname="backend.tests.test_cvforge_backend.TestCV" name="test_pdf_download" time="0.121" /><testcase classname="backend.tests.test_cvforge_backend.TestCV" name="test_delete_cv" time="0.235" /><testcase classname="backend.tests.test_cvforge_backend.TestPayments" name="test_checkout_requires_auth" time="0.117" /><testcase classname="backend.tests.test_cvforge_backend.TestPayments" name="test_checkout_unknown_package" time="0.102" /><testcase classname="backend.tests.test_cvforge_backend.TestPayments" name="test_checkout_session_creation" time="0.609" /><testcase classname="backend.tests.test_cvforge_backend.TestPayments" name="test_checkout_status_owner" time="0.304"><failure message="AssertionError: Internal Server Error&#10;assert 500 == 200&#10; +  where 500 = &lt;Response [500]&gt;.status_code">backend/tests/test_cvforge_backend.py:268: in test_checkout_status_owner
    assert r.status_code == 200, r.text
E   AssertionError: Internal Server Error
E   assert 500 == 200
E    +  where 500 = &lt;Response [500]&gt;.status_code</failure></testcase><testcase classname="backend.tests.test_cvforge_backend.TestPayments" name="test_checkout_status_not_owner" time="0.376" /><testcase classname="backend.tests.test_cvforge_backend.TestPayments" name="test_checkout_status_unknown_session" time="0.113" /><testcase classname="backend.tests.test_cvforge_backend.TestWebhook" name="test_webhook_invalid_signature" time="0.099" /><testcase classname="backend.tests.test_cvforge_backend.TestWebhook" name="test_webhook_no_signature" time="0.115" /></testsuite></testsuites>